<?xml version="1.0" encoding="UTF-8"?>
<testsuite xmlns:xsi="http://www.w3.org/2001/XMLSchema-instance" xsi:noNamespaceSchemaLocation="https://maven.apache.org/surefire/maven-surefire-plugin/xsd/surefire-test-report.xsd" name="com.privya.AppTest" time="0.043" tests="1" errors="0" skipped="0" failures="0">
  <properties>
    <property name="java.specification.version" value="17"/>
    <property name="sun.cpu.isalist" value="amd64"/>
    <property name="sun.jnu.encoding" value="Cp1252"/>
    <property name="java.class.path" value="C:\Users\uzyha\dev\JavaDemo\target\test-classes;C:\Users\uzyha\dev\JavaDemo\target\classes;C:\Users\uzyha\.m2\repository\junit\junit\4.11\junit-4.11.jar;C:\Users\uzyha\.m2\repository\org\hamcrest\hamcrest-core\1.3\hamcrest-core-1.3.jar;"/>
    <property name="java.vm.vendor" value="Oracle Corporation"/>
    <property name="sun.arch.data.model" value="64"/>
    <property name="user.variant" value=""/>
    <property name="java.vendor.url" value="https://java.oracle.com/"/>
    <property name="user.timezone" value="Asia/Jerusalem"/>
    <property name="os.name" value="Windows 10"/>
    <property name="java.vm.specification.version" value="17"/>
    <property name="sun.java.launcher" value="SUN_STANDARD"/>
    <property name="user.country" value="US"/>
    <property name="sun.boot.library.path" value="C:\uzy\jdk17\bin"/>
    <property name="sun.java.command" value="C:\Users\uzyha\AppData\Local\Temp\surefire17916027401633646347\surefirebooter9394643674801220548.jar C:\Users\uzyha\AppData\Local\Temp\surefire17916027401633646347 2021-09-20T15-43-53_535-jvmRun1 surefire5875324112671854031tmp surefire_012856707960312337530tmp"/>
    <property name="jdk.debug" value="release"/>
    <property name="surefire.test.class.path" value="C:\Users\uzyha\dev\JavaDemo\target\test-classes;C:\Users\uzyha\dev\JavaDemo\target\classes;C:\Users\uzyha\.m2\repository\junit\junit\4.11\junit-4.11.jar;C:\Users\uzyha\.m2\repository\org\hamcrest\hamcrest-core\1.3\hamcrest-core-1.3.jar;"/>
    <property name="sun.cpu.endian" value="little"/>
    <property name="user.home" value="C:\Users\uzyha"/>
    <property name="user.language" value="en"/>
    <property name="java.specification.vendor" value="Oracle Corporation"/>
    <property name="java.version.date" value="2021-09-14"/>
    <property name="java.home" value="C:\uzy\jdk17"/>
    <property name="file.separator" value="\"/>
    <property name="basedir" value="C:\Users\uzyha\dev\JavaDemo"/>
    <property name="java.vm.compressedOopsMode" value="32-bit"/>
    <property name="line.separator" value="&#10;"/>
    <property name="java.vm.specification.vendor" value="Oracle Corporation"/>
    <property name="java.specification.name" value="Java Platform API Specification"/>
    <property name="surefire.real.class.path" value="C:\Users\uzyha\AppData\Local\Temp\surefire17916027401633646347\surefirebooter9394643674801220548.jar"/>
    <property name="user.script" value=""/>
    <property name="sun.management.compiler" value="HotSpot 64-Bit Tiered Compilers"/>
    <property name="java.runtime.version" value="17+35-LTS-2724"/>
    <property name="user.name" value="uzyha"/>
    <property name="path.separator" value=";"/>
    <property name="os.version" value="10.0"/>
    <property name="java.runtime.name" value="Java(TM) SE Runtime Environment"/>
    <property name="file.encoding" value="Cp1252"/>
    <property name="java.vm.name" value="Java HotSpot(TM) 64-Bit Server VM"/>
    <property name="localRepository" value="C:\Users\uzyha\.m2\repository"/>
    <property name="java.vendor.url.bug" value="https://bugreport.java.com/bugreport/"/>
    <property name="java.io.tmpdir" value="C:\Users\uzyha\AppData\Local\Temp\"/>
    <property name="java.version" value="17"/>
    <property name="user.dir" value="C:\Users\uzyha\dev\JavaDemo"/>
    <property name="os.arch" value="amd64"/>
    <property name="java.vm.specification.name" value="Java Virtual Machine Specification"/>
    <property name="sun.os.patch.level" value=""/>
    <property name="native.encoding" value="Cp1252"/>
    <property name="java.library.path" value="C:\uzy\jdk17\bin;C:\Windows\Sun\Java\bin;C:\Windows\system32;C:\Windows;C:\Users\uzyha\bin;C:\tools\Git\mingw64\bin;C:\tools\Git\usr\local\bin;C:\tools\Git\usr\bin;C:\tools\Git\usr\bin;C:\tools\Git\mingw64\bin;C:\tools\Git\usr\bin;C:\Users\uzyha\bin;C:\Program Files\Common Files\Oracle\Java\javapath;C:\Windows\system32;C:\Windows;C:\Windows\System32\Wbem;C:\Windows\System32\WindowsPowerShell\v1.0;C:\Windows\System32\OpenSSH;C:\Program Files (x86)\NVIDIA Corporation\PhysX\Common;C:\Program Files\NVIDIA Corporation\NVIDIA NvDLISR;C:\tools\putty;C:\tools\Git\cmd;C:\tools\nodejs;C:\tools\Amazon\AWSCLIV2;C:\tools\Minikube;C:\Program Files\Docker\Docker\resources\bin;C:\ProgramData\DockerDesktop\version-bin;C:\Users\uzyha\AppData\Local\Microsoft\WindowsApps;C:\tools\PyCharm\bin;C:\tools\VSCode\bin;C:\Users\uzyha\AppData\Roaming\npm;C:\users\uzyha;C:\uzy\maven\apache-maven-3.8.2\bin;C:\uzy\jdk17\bin\bin;C:\tools\Git\usr\bin\vendor_perl;C:\tools\Git\usr\bin\core_perl;."/>
    <property name="java.vm.info" value="mixed mode, sharing"/>
    <property name="java.vendor" value="Oracle Corporation"/>
    <property name="java.vm.version" value="17+35-LTS-2724"/>
    <property name="sun.io.unicode.encoding" value="UnicodeLittle"/>
    <property name="java.class.version" value="61.0"/>
  </properties>
  <testcase name="shouldAnswerWithTrue" classname="com.privya.AppTest" time="0.002"/>
</testsuite>